Aug 31, 2024 10:19:04 PM com.zyleree.kronoxcore.Main main
INFO: Starting KronoxCore v1
Aug 31, 2024 10:20:20 PM com.zyleree.kronoxcore.Main main
INFO: Starting KronoxCore v1
Sept 05, 2024 12:13:33 AM com.zyleree.kronoxcore.Main main
INFO: Starting KronoxCore v1
Sept 05, 2024 12:14:24 AM com.zyleree.kronoxcore.Main main
INFO: Starting KronoxCore v1
Sept 05, 2024 12:14:39 AM com.zyleree.kronoxcore.Main main
INFO: Starting KronoxCore v1
Sept 12, 2024 12:58:41 AM com.zyleree.kronoxcore.Main main
INFO: Starting KronoxCore v1
Sept 12, 2024 1:04:00 AM com.zyleree.kronoxcore.Main main
INFO: Starting KronoxCore v1
Sept 12, 2024 1:05:53 AM com.zyleree.kronoxcore.Main main
INFO: Starting KronoxCore v1
Sep 12, 2024 1:32:12 AM com.zyleree.kronoxcore.Main main
INFO: Starting KronoxCore v1
Sep 12, 2024 1:34:18 AM com.zyleree.kronoxcore.Main main
INFO: Starting KronoxCore v1
Sep 13, 2024 10:56:56 PM com.zyleree.kronoxcore.Main main
INFO: Starting KronoxCore v1
Sep 13, 2024 10:57:43 PM com.zyleree.kronoxcore.Main main
WARNING: No more input available. Exiting.
Sep 13, 2024 10:59:07 PM com.zyleree.kronoxcore.Main main
INFO: Starting KronoxCore v1
Sep 13, 2024 11:08:23 PM com.zyleree.kronoxcore.Main main
INFO: Starting KronoxCore v1
Sep 14, 2024 12:28:29 AM com.zyleree.kronoxcore.Main main
INFO: Starting KronoxCore v1
Sep 14, 2024 1:26:59 AM com.zyleree.kronoxcore.Main main
INFO: Starting KronoxCore v1
